CRITICAL - 2022-06-25 07:35:35 --> Undefined offset: 0
#0 C:\xampp\htdocs\ci4\app\Controllers\Hitung.php(405): CodeIgniter\Debug\Exceptions->errorHandler(8, 'Undefined offse...', 'C:\\xampp\\htdocs...', 405, Array)
#1 C:\xampp\htdocs\ci4\system\CodeIgniter.php(832): App\Controllers\Hitung->hasil_akhir()
#2 C:\xampp\htdocs\ci4\system\CodeIgniter.php(419): CodeIgniter\CodeIgniter->runController(Object(App\Controllers\Hitung))
#3 C:\xampp\htdocs\ci4\system\CodeIgniter.php(326): CodeIgniter\CodeIgniter->handleRequest(NULL, Object(Config\Cache), false)
#4 C:\xampp\htdocs\ci4\public\index.php(37): CodeIgniter\CodeIgniter->run()
#5 C:\xampp\htdocs\ci4\system\Commands\Server\rewrite.php(43): require_once('C:\\xampp\\htdocs...')
#6 {main}
CRITICAL - 2022-06-25 07:36:06 --> Undefined offset: 0
#0 C:\xampp\htdocs\ci4\app\Controllers\Hitung.php(405): CodeIgniter\Debug\Exceptions->errorHandler(8, 'Undefined offse...', 'C:\\xampp\\htdocs...', 405, Array)
#1 C:\xampp\htdocs\ci4\system\CodeIgniter.php(832): App\Controllers\Hitung->hasil_akhir()
#2 C:\xampp\htdocs\ci4\system\CodeIgniter.php(419): CodeIgniter\CodeIgniter->runController(Object(App\Controllers\Hitung))
#3 C:\xampp\htdocs\ci4\system\CodeIgniter.php(326): CodeIgniter\CodeIgniter->handleRequest(NULL, Object(Config\Cache), false)
#4 C:\xampp\htdocs\ci4\public\index.php(37): CodeIgniter\CodeIgniter->run()
#5 C:\xampp\htdocs\ci4\system\Commands\Server\rewrite.php(43): require_once('C:\\xampp\\htdocs...')
#6 {main}
CRITICAL - 2022-06-25 07:37:26 --> Undefined offset: 0
#0 C:\xampp\htdocs\ci4\app\Controllers\Hitung.php(405): CodeIgniter\Debug\Exceptions->errorHandler(8, 'Undefined offse...', 'C:\\xampp\\htdocs...', 405, Array)
#1 C:\xampp\htdocs\ci4\system\CodeIgniter.php(832): App\Controllers\Hitung->hasil_akhir()
#2 C:\xampp\htdocs\ci4\system\CodeIgniter.php(419): CodeIgniter\CodeIgniter->runController(Object(App\Controllers\Hitung))
#3 C:\xampp\htdocs\ci4\system\CodeIgniter.php(326): CodeIgniter\CodeIgniter->handleRequest(NULL, Object(Config\Cache), false)
#4 C:\xampp\htdocs\ci4\public\index.php(37): CodeIgniter\CodeIgniter->run()
#5 C:\xampp\htdocs\ci4\system\Commands\Server\rewrite.php(43): require_once('C:\\xampp\\htdocs...')
#6 {main}
CRITICAL - 2022-06-25 07:37:47 --> Undefined offset: 0
#0 C:\xampp\htdocs\ci4\app\Controllers\Hitung.php(406): CodeIgniter\Debug\Exceptions->errorHandler(8, 'Undefined offse...', 'C:\\xampp\\htdocs...', 406, Array)
#1 C:\xampp\htdocs\ci4\system\CodeIgniter.php(832): App\Controllers\Hitung->hasil_akhir()
#2 C:\xampp\htdocs\ci4\system\CodeIgniter.php(419): CodeIgniter\CodeIgniter->runController(Object(App\Controllers\Hitung))
#3 C:\xampp\htdocs\ci4\system\CodeIgniter.php(326): CodeIgniter\CodeIgniter->handleRequest(NULL, Object(Config\Cache), false)
#4 C:\xampp\htdocs\ci4\public\index.php(37): CodeIgniter\CodeIgniter->run()
#5 C:\xampp\htdocs\ci4\system\Commands\Server\rewrite.php(43): require_once('C:\\xampp\\htdocs...')
#6 {main}
CRITICAL - 2022-06-25 08:53:47 --> Invalid file: hitung/hasilakhir.php
#0 C:\xampp\htdocs\ci4\system\View\View.php(198): CodeIgniter\Exceptions\FrameworkException::forInvalidFile('hitung/hasilakh...')
#1 C:\xampp\htdocs\ci4\system\Common.php(1089): CodeIgniter\View\View->render('hitung/hasilakh...', Array, true)
#2 C:\xampp\htdocs\ci4\app\Controllers\Hitung.php(444): view('hitung/hasilakh...')
#3 C:\xampp\htdocs\ci4\system\CodeIgniter.php(832): App\Controllers\Hitung->test()
#4 C:\xampp\htdocs\ci4\system\CodeIgniter.php(419): CodeIgniter\CodeIgniter->runController(Object(App\Controllers\Hitung))
#5 C:\xampp\htdocs\ci4\system\CodeIgniter.php(326): CodeIgniter\CodeIgniter->handleRequest(NULL, Object(Config\Cache), false)
#6 C:\xampp\htdocs\ci4\public\index.php(37): CodeIgniter\CodeIgniter->run()
#7 C:\xampp\htdocs\ci4\system\Commands\Server\rewrite.php(43): require_once('C:\\xampp\\htdocs...')
#8 {main}
CRITICAL - 2022-06-25 08:55:25 --> Undefined variable: kriteria
#0 C:\xampp\htdocs\ci4\app\Views\hitung\hasilakhir.php(22): CodeIgniter\Debug\Exceptions->errorHandler(8, 'Undefined varia...', 'C:\\xampp\\htdocs...', 22, Array)
#1 C:\xampp\htdocs\ci4\system\View\View.php(210): include('C:\\xampp\\htdocs...')
#2 C:\xampp\htdocs\ci4\system\View\View.php(213): CodeIgniter\View\View->CodeIgniter\View\{closure}()
#3 C:\xampp\htdocs\ci4\system\Common.php(1089): CodeIgniter\View\View->render('hitung/hasilakh...', Array, true)
#4 C:\xampp\htdocs\ci4\app\Controllers\Hitung.php(444): view('hitung/hasilakh...')
#5 C:\xampp\htdocs\ci4\system\CodeIgniter.php(832): App\Controllers\Hitung->test()
#6 C:\xampp\htdocs\ci4\system\CodeIgniter.php(419): CodeIgniter\CodeIgniter->runController(Object(App\Controllers\Hitung))
#7 C:\xampp\htdocs\ci4\system\CodeIgniter.php(326): CodeIgniter\CodeIgniter->handleRequest(NULL, Object(Config\Cache), false)
#8 C:\xampp\htdocs\ci4\public\index.php(37): CodeIgniter\CodeIgniter->run()
#9 C:\xampp\htdocs\ci4\system\Commands\Server\rewrite.php(43): require_once('C:\\xampp\\htdocs...')
#10 {main}
CRITICAL - 2022-06-25 08:56:33 --> Undefined variable: title
#0 C:\xampp\htdocs\ci4\app\Views\layout\header.php(7): CodeIgniter\Debug\Exceptions->errorHandler(8, 'Undefined varia...', 'C:\\xampp\\htdocs...', 7, Array)
#1 C:\xampp\htdocs\ci4\system\View\View.php(210): include('C:\\xampp\\htdocs...')
#2 C:\xampp\htdocs\ci4\system\View\View.php(213): CodeIgniter\View\View->CodeIgniter\View\{closure}()
#3 C:\xampp\htdocs\ci4\system\View\View.php(424): CodeIgniter\View\View->render('layout/header', NULL, true)
#4 C:\xampp\htdocs\ci4\app\Views\layout\index.php(1): CodeIgniter\View\View->include('layout/header')
#5 C:\xampp\htdocs\ci4\system\View\View.php(210): include('C:\\xampp\\htdocs...')
#6 C:\xampp\htdocs\ci4\system\View\View.php(213): CodeIgniter\View\View->CodeIgniter\View\{closure}()
#7 C:\xampp\htdocs\ci4\system\View\View.php(226): CodeIgniter\View\View->render('layout/index', Array, true)
#8 C:\xampp\htdocs\ci4\system\Common.php(1089): CodeIgniter\View\View->render('hitung/hasilakh...', Array, true)
#9 C:\xampp\htdocs\ci4\app\Controllers\Hitung.php(444): view('hitung/hasilakh...')
#10 C:\xampp\htdocs\ci4\system\CodeIgniter.php(832): App\Controllers\Hitung->test()
#11 C:\xampp\htdocs\ci4\system\CodeIgniter.php(419): CodeIgniter\CodeIgniter->runController(Object(App\Controllers\Hitung))
#12 C:\xampp\htdocs\ci4\system\CodeIgniter.php(326): CodeIgniter\CodeIgniter->handleRequest(NULL, Object(Config\Cache), false)
#13 C:\xampp\htdocs\ci4\public\index.php(37): CodeIgniter\CodeIgniter->run()
#14 C:\xampp\htdocs\ci4\system\Commands\Server\rewrite.php(43): require_once('C:\\xampp\\htdocs...')
#15 {main}
CRITICAL - 2022-06-25 08:57:31 --> Undefined variable: title
#0 C:\xampp\htdocs\ci4\app\Views\layout\header.php(7): CodeIgniter\Debug\Exceptions->errorHandler(8, 'Undefined varia...', 'C:\\xampp\\htdocs...', 7, Array)
#1 C:\xampp\htdocs\ci4\system\View\View.php(210): include('C:\\xampp\\htdocs...')
#2 C:\xampp\htdocs\ci4\system\View\View.php(213): CodeIgniter\View\View->CodeIgniter\View\{closure}()
#3 C:\xampp\htdocs\ci4\system\View\View.php(424): CodeIgniter\View\View->render('layout/header', NULL, true)
#4 C:\xampp\htdocs\ci4\app\Views\layout\index.php(1): CodeIgniter\View\View->include('layout/header')
#5 C:\xampp\htdocs\ci4\system\View\View.php(210): include('C:\\xampp\\htdocs...')
#6 C:\xampp\htdocs\ci4\system\View\View.php(213): CodeIgniter\View\View->CodeIgniter\View\{closure}()
#7 C:\xampp\htdocs\ci4\system\View\View.php(226): CodeIgniter\View\View->render('layout/index', Array, true)
#8 C:\xampp\htdocs\ci4\system\Common.php(1089): CodeIgniter\View\View->render('hitung/hasilakh...', Array, true)
#9 C:\xampp\htdocs\ci4\app\Controllers\Hitung.php(444): view('hitung/hasilakh...')
#10 C:\xampp\htdocs\ci4\system\CodeIgniter.php(832): App\Controllers\Hitung->test()
#11 C:\xampp\htdocs\ci4\system\CodeIgniter.php(419): CodeIgniter\CodeIgniter->runController(Object(App\Controllers\Hitung))
#12 C:\xampp\htdocs\ci4\system\CodeIgniter.php(326): CodeIgniter\CodeIgniter->handleRequest(NULL, Object(Config\Cache), false)
#13 C:\xampp\htdocs\ci4\public\index.php(37): CodeIgniter\CodeIgniter->run()
#14 C:\xampp\htdocs\ci4\system\Commands\Server\rewrite.php(43): require_once('C:\\xampp\\htdocs...')
#15 {main}
CRITICAL - 2022-06-25 08:58:36 --> Undefined variable: title
#0 C:\xampp\htdocs\ci4\app\Views\layout\header.php(7): CodeIgniter\Debug\Exceptions->errorHandler(8, 'Undefined varia...', 'C:\\xampp\\htdocs...', 7, Array)
#1 C:\xampp\htdocs\ci4\system\View\View.php(210): include('C:\\xampp\\htdocs...')
#2 C:\xampp\htdocs\ci4\system\View\View.php(213): CodeIgniter\View\View->CodeIgniter\View\{closure}()
#3 C:\xampp\htdocs\ci4\system\View\View.php(424): CodeIgniter\View\View->render('layout/header', NULL, true)
#4 C:\xampp\htdocs\ci4\app\Views\layout\index.php(1): CodeIgniter\View\View->include('layout/header')
#5 C:\xampp\htdocs\ci4\system\View\View.php(210): include('C:\\xampp\\htdocs...')
#6 C:\xampp\htdocs\ci4\system\View\View.php(213): CodeIgniter\View\View->CodeIgniter\View\{closure}()
#7 C:\xampp\htdocs\ci4\system\View\View.php(226): CodeIgniter\View\View->render('layout/index', Array, true)
#8 C:\xampp\htdocs\ci4\system\Common.php(1089): CodeIgniter\View\View->render('hitung/hasilakh...', Array, true)
#9 C:\xampp\htdocs\ci4\app\Controllers\Hitung.php(444): view('hitung/hasilakh...')
#10 C:\xampp\htdocs\ci4\system\CodeIgniter.php(832): App\Controllers\Hitung->test()
#11 C:\xampp\htdocs\ci4\system\CodeIgniter.php(419): CodeIgniter\CodeIgniter->runController(Object(App\Controllers\Hitung))
#12 C:\xampp\htdocs\ci4\system\CodeIgniter.php(326): CodeIgniter\CodeIgniter->handleRequest(NULL, Object(Config\Cache), false)
#13 C:\xampp\htdocs\ci4\public\index.php(37): CodeIgniter\CodeIgniter->run()
#14 C:\xampp\htdocs\ci4\system\Commands\Server\rewrite.php(43): require_once('C:\\xampp\\htdocs...')
#15 {main}
CRITICAL - 2022-06-25 09:00:34 --> Undefined variable: title
#0 C:\xampp\htdocs\ci4\app\Views\layout\header.php(7): CodeIgniter\Debug\Exceptions->errorHandler(8, 'Undefined varia...', 'C:\\xampp\\htdocs...', 7, Array)
#1 C:\xampp\htdocs\ci4\system\View\View.php(210): include('C:\\xampp\\htdocs...')
#2 C:\xampp\htdocs\ci4\system\View\View.php(213): CodeIgniter\View\View->CodeIgniter\View\{closure}()
#3 C:\xampp\htdocs\ci4\system\View\View.php(424): CodeIgniter\View\View->render('layout/header', NULL, true)
#4 C:\xampp\htdocs\ci4\app\Views\layout\index.php(1): CodeIgniter\View\View->include('layout/header')
#5 C:\xampp\htdocs\ci4\system\View\View.php(210): include('C:\\xampp\\htdocs...')
#6 C:\xampp\htdocs\ci4\system\View\View.php(213): CodeIgniter\View\View->CodeIgniter\View\{closure}()
#7 C:\xampp\htdocs\ci4\system\View\View.php(226): CodeIgniter\View\View->render('layout/index', Array, true)
#8 C:\xampp\htdocs\ci4\system\Common.php(1089): CodeIgniter\View\View->render('hitung/hasilakh...', Array, true)
#9 C:\xampp\htdocs\ci4\app\Controllers\Hitung.php(444): view('hitung/hasilakh...')
#10 C:\xampp\htdocs\ci4\system\CodeIgniter.php(832): App\Controllers\Hitung->test()
#11 C:\xampp\htdocs\ci4\system\CodeIgniter.php(419): CodeIgniter\CodeIgniter->runController(Object(App\Controllers\Hitung))
#12 C:\xampp\htdocs\ci4\system\CodeIgniter.php(326): CodeIgniter\CodeIgniter->handleRequest(NULL, Object(Config\Cache), false)
#13 C:\xampp\htdocs\ci4\public\index.php(37): CodeIgniter\CodeIgniter->run()
#14 C:\xampp\htdocs\ci4\system\Commands\Server\rewrite.php(43): require_once('C:\\xampp\\htdocs...')
#15 {main}
CRITICAL - 2022-06-25 09:13:28 --> Attempt to assign property 'hasil' of non-object
#0 C:\xampp\htdocs\ci4\app\Controllers\Hitung.php(437): CodeIgniter\Debug\Exceptions->errorHandler(2, 'Attempt to assi...', 'C:\\xampp\\htdocs...', 437, Array)
#1 C:\xampp\htdocs\ci4\system\CodeIgniter.php(832): App\Controllers\Hitung->hasil_akhir()
#2 C:\xampp\htdocs\ci4\system\CodeIgniter.php(419): CodeIgniter\CodeIgniter->runController(Object(App\Controllers\Hitung))
#3 C:\xampp\htdocs\ci4\system\CodeIgniter.php(326): CodeIgniter\CodeIgniter->handleRequest(NULL, Object(Config\Cache), false)
#4 C:\xampp\htdocs\ci4\public\index.php(37): CodeIgniter\CodeIgniter->run()
#5 C:\xampp\htdocs\ci4\system\Commands\Server\rewrite.php(43): require_once('C:\\xampp\\htdocs...')
#6 {main}
