CRITICAL - 2022-05-25 03:22:44 --> syntax error, unexpected ''kriteria'' (T_CONSTANT_ENCAPSED_STRING), expecting ']'
#0 C:\xampp\htdocs\ci4\system\Router\Router.php(175): CodeIgniter\Router\Router->autoRoute('kriteria')
#1 C:\xampp\htdocs\ci4\system\CodeIgniter.php(726): CodeIgniter\Router\Router->handle('kriteria')
#2 C:\xampp\htdocs\ci4\system\CodeIgniter.php(368): CodeIgniter\CodeIgniter->tryToRouteIt(Object(CodeIgniter\Router\RouteCollection))
#3 C:\xampp\htdocs\ci4\system\CodeIgniter.php(326): CodeIgniter\CodeIgniter->handleRequest(NULL, Object(Config\Cache), false)
#4 C:\xampp\htdocs\ci4\public\index.php(37): CodeIgniter\CodeIgniter->run()
#5 C:\xampp\htdocs\ci4\system\Commands\Server\rewrite.php(43): require_once('C:\\xampp\\htdocs...')
#6 {main}
CRITICAL - 2022-05-25 03:22:58 --> syntax error, unexpected ';', expecting ']'
#0 C:\xampp\htdocs\ci4\system\Router\Router.php(175): CodeIgniter\Router\Router->autoRoute('kriteria')
#1 C:\xampp\htdocs\ci4\system\CodeIgniter.php(726): CodeIgniter\Router\Router->handle('kriteria')
#2 C:\xampp\htdocs\ci4\system\CodeIgniter.php(368): CodeIgniter\CodeIgniter->tryToRouteIt(Object(CodeIgniter\Router\RouteCollection))
#3 C:\xampp\htdocs\ci4\system\CodeIgniter.php(326): CodeIgniter\CodeIgniter->handleRequest(NULL, Object(Config\Cache), false)
#4 C:\xampp\htdocs\ci4\public\index.php(37): CodeIgniter\CodeIgniter->run()
#5 C:\xampp\htdocs\ci4\system\Commands\Server\rewrite.php(43): require_once('C:\\xampp\\htdocs...')
#6 {main}
CRITICAL - 2022-05-25 03:23:06 --> syntax error, unexpected ';', expecting ']'
#0 C:\xampp\htdocs\ci4\system\Router\Router.php(175): CodeIgniter\Router\Router->autoRoute('kriteria')
#1 C:\xampp\htdocs\ci4\system\CodeIgniter.php(726): CodeIgniter\Router\Router->handle('kriteria')
#2 C:\xampp\htdocs\ci4\system\CodeIgniter.php(368): CodeIgniter\CodeIgniter->tryToRouteIt(Object(CodeIgniter\Router\RouteCollection))
#3 C:\xampp\htdocs\ci4\system\CodeIgniter.php(326): CodeIgniter\CodeIgniter->handleRequest(NULL, Object(Config\Cache), false)
#4 C:\xampp\htdocs\ci4\public\index.php(37): CodeIgniter\CodeIgniter->run()
#5 C:\xampp\htdocs\ci4\system\Commands\Server\rewrite.php(43): require_once('C:\\xampp\\htdocs...')
#6 {main}
CRITICAL - 2022-05-25 03:23:08 --> syntax error, unexpected ';', expecting ']'
#0 C:\xampp\htdocs\ci4\system\Router\Router.php(175): CodeIgniter\Router\Router->autoRoute('kriteria')
#1 C:\xampp\htdocs\ci4\system\CodeIgniter.php(726): CodeIgniter\Router\Router->handle('kriteria')
#2 C:\xampp\htdocs\ci4\system\CodeIgniter.php(368): CodeIgniter\CodeIgniter->tryToRouteIt(Object(CodeIgniter\Router\RouteCollection))
#3 C:\xampp\htdocs\ci4\system\CodeIgniter.php(326): CodeIgniter\CodeIgniter->handleRequest(NULL, Object(Config\Cache), false)
#4 C:\xampp\htdocs\ci4\public\index.php(37): CodeIgniter\CodeIgniter->run()
#5 C:\xampp\htdocs\ci4\system\Commands\Server\rewrite.php(43): require_once('C:\\xampp\\htdocs...')
#6 {main}
CRITICAL - 2022-05-25 03:23:09 --> syntax error, unexpected ';', expecting ']'
#0 C:\xampp\htdocs\ci4\system\Router\Router.php(175): CodeIgniter\Router\Router->autoRoute('kriteria')
#1 C:\xampp\htdocs\ci4\system\CodeIgniter.php(726): CodeIgniter\Router\Router->handle('kriteria')
#2 C:\xampp\htdocs\ci4\system\CodeIgniter.php(368): CodeIgniter\CodeIgniter->tryToRouteIt(Object(CodeIgniter\Router\RouteCollection))
#3 C:\xampp\htdocs\ci4\system\CodeIgniter.php(326): CodeIgniter\CodeIgniter->handleRequest(NULL, Object(Config\Cache), false)
#4 C:\xampp\htdocs\ci4\public\index.php(37): CodeIgniter\CodeIgniter->run()
#5 C:\xampp\htdocs\ci4\system\Commands\Server\rewrite.php(43): require_once('C:\\xampp\\htdocs...')
#6 {main}
CRITICAL - 2022-05-25 03:23:09 --> syntax error, unexpected ';', expecting ']'
#0 C:\xampp\htdocs\ci4\system\Router\Router.php(175): CodeIgniter\Router\Router->autoRoute('kriteria')
#1 C:\xampp\htdocs\ci4\system\CodeIgniter.php(726): CodeIgniter\Router\Router->handle('kriteria')
#2 C:\xampp\htdocs\ci4\system\CodeIgniter.php(368): CodeIgniter\CodeIgniter->tryToRouteIt(Object(CodeIgniter\Router\RouteCollection))
#3 C:\xampp\htdocs\ci4\system\CodeIgniter.php(326): CodeIgniter\CodeIgniter->handleRequest(NULL, Object(Config\Cache), false)
#4 C:\xampp\htdocs\ci4\public\index.php(37): CodeIgniter\CodeIgniter->run()
#5 C:\xampp\htdocs\ci4\system\Commands\Server\rewrite.php(43): require_once('C:\\xampp\\htdocs...')
#6 {main}
CRITICAL - 2022-05-25 03:23:09 --> syntax error, unexpected ';', expecting ']'
#0 C:\xampp\htdocs\ci4\system\Router\Router.php(175): CodeIgniter\Router\Router->autoRoute('kriteria')
#1 C:\xampp\htdocs\ci4\system\CodeIgniter.php(726): CodeIgniter\Router\Router->handle('kriteria')
#2 C:\xampp\htdocs\ci4\system\CodeIgniter.php(368): CodeIgniter\CodeIgniter->tryToRouteIt(Object(CodeIgniter\Router\RouteCollection))
#3 C:\xampp\htdocs\ci4\system\CodeIgniter.php(326): CodeIgniter\CodeIgniter->handleRequest(NULL, Object(Config\Cache), false)
#4 C:\xampp\htdocs\ci4\public\index.php(37): CodeIgniter\CodeIgniter->run()
#5 C:\xampp\htdocs\ci4\system\Commands\Server\rewrite.php(43): require_once('C:\\xampp\\htdocs...')
#6 {main}
CRITICAL - 2022-05-25 03:23:54 --> syntax error, unexpected ';', expecting ']'
#0 C:\xampp\htdocs\ci4\system\Router\Router.php(175): CodeIgniter\Router\Router->autoRoute('kriteria')
#1 C:\xampp\htdocs\ci4\system\CodeIgniter.php(726): CodeIgniter\Router\Router->handle('kriteria')
#2 C:\xampp\htdocs\ci4\system\CodeIgniter.php(368): CodeIgniter\CodeIgniter->tryToRouteIt(Object(CodeIgniter\Router\RouteCollection))
#3 C:\xampp\htdocs\ci4\system\CodeIgniter.php(326): CodeIgniter\CodeIgniter->handleRequest(NULL, Object(Config\Cache), false)
#4 C:\xampp\htdocs\ci4\public\index.php(37): CodeIgniter\CodeIgniter->run()
#5 C:\xampp\htdocs\ci4\system\Commands\Server\rewrite.php(43): require_once('C:\\xampp\\htdocs...')
#6 {main}
CRITICAL - 2022-05-25 03:23:58 --> syntax error, unexpected ';', expecting ']'
#0 C:\xampp\htdocs\ci4\system\Router\Router.php(175): CodeIgniter\Router\Router->autoRoute('kriteria')
#1 C:\xampp\htdocs\ci4\system\CodeIgniter.php(726): CodeIgniter\Router\Router->handle('kriteria')
#2 C:\xampp\htdocs\ci4\system\CodeIgniter.php(368): CodeIgniter\CodeIgniter->tryToRouteIt(Object(CodeIgniter\Router\RouteCollection))
#3 C:\xampp\htdocs\ci4\system\CodeIgniter.php(326): CodeIgniter\CodeIgniter->handleRequest(NULL, Object(Config\Cache), false)
#4 C:\xampp\htdocs\ci4\public\index.php(37): CodeIgniter\CodeIgniter->run()
#5 C:\xampp\htdocs\ci4\system\Commands\Server\rewrite.php(43): require_once('C:\\xampp\\htdocs...')
#6 {main}
ERROR - 2022-05-25 03:41:47 --> Cannot add or update a child row: a foreign key constraint fails (`askha`.`subkriteria`, CONSTRAINT `subkriteria_id_kriteria_foreign` FOREIGN KEY (`id_kriteria`) REFERENCES `kriteria` (`id`))
CRITICAL - 2022-05-25 03:41:47 --> Cannot add or update a child row: a foreign key constraint fails (`askha`.`subkriteria`, CONSTRAINT `subkriteria_id_kriteria_foreign` FOREIGN KEY (`id_kriteria`) REFERENCES `kriteria` (`id`))
#0 C:\xampp\htdocs\ci4\system\Database\MySQLi\Connection.php(292): mysqli->query('INSERT INTO `su...', 0)
#1 C:\xampp\htdocs\ci4\system\Database\BaseConnection.php(670): CodeIgniter\Database\MySQLi\Connection->execute('INSERT INTO `su...')
#2 C:\xampp\htdocs\ci4\system\Database\BaseConnection.php(598): CodeIgniter\Database\BaseConnection->simpleQuery('INSERT INTO `su...')
#3 C:\xampp\htdocs\ci4\system\Database\BaseBuilder.php(1771): CodeIgniter\Database\BaseConnection->query('INSERT INTO `su...', Array, false)
#4 C:\xampp\htdocs\ci4\app\Models\SubkriteriaModel.php(15): CodeIgniter\Database\BaseBuilder->insert(Array)
#5 C:\xampp\htdocs\ci4\app\Controllers\Subkriteria.php(34): App\Models\SubkriteriaModel->insert_subkriteria(Array)
#6 C:\xampp\htdocs\ci4\system\CodeIgniter.php(832): App\Controllers\Subkriteria->store()
#7 C:\xampp\htdocs\ci4\system\CodeIgniter.php(419): CodeIgniter\CodeIgniter->runController(Object(App\Controllers\Subkriteria))
#8 C:\xampp\htdocs\ci4\system\CodeIgniter.php(326): CodeIgniter\CodeIgniter->handleRequest(NULL, Object(Config\Cache), false)
#9 C:\xampp\htdocs\ci4\public\index.php(37): CodeIgniter\CodeIgniter->run()
#10 C:\xampp\htdocs\ci4\system\Commands\Server\rewrite.php(43): require_once('C:\\xampp\\htdocs...')
#11 {main}
