CRITICAL - 2022-06-09 00:31:09 --> Undefined property: App\Controllers\Hitung::$input
#0 C:\xampp\htdocs\ci4\app\Controllers\Hitung.php(36): CodeIgniter\Debug\Exceptions->errorHandler(8, 'Undefined prope...', 'C:\\xampp\\htdocs...', 36, Array)
#1 C:\xampp\htdocs\ci4\system\CodeIgniter.php(832): App\Controllers\Hitung->matrix()
#2 C:\xampp\htdocs\ci4\system\CodeIgniter.php(419): CodeIgniter\CodeIgniter->runController(Object(App\Controllers\Hitung))
#3 C:\xampp\htdocs\ci4\system\CodeIgniter.php(326): CodeIgniter\CodeIgniter->handleRequest(NULL, Object(Config\Cache), false)
#4 C:\xampp\htdocs\ci4\public\index.php(37): CodeIgniter\CodeIgniter->run()
#5 C:\xampp\htdocs\ci4\system\Commands\Server\rewrite.php(43): require_once('C:\\xampp\\htdocs...')
#6 {main}
CRITICAL - 2022-06-09 00:35:01 --> Undefined property: App\Controllers\Hitung::$input
#0 C:\xampp\htdocs\ci4\app\Controllers\Hitung.php(36): CodeIgniter\Debug\Exceptions->errorHandler(8, 'Undefined prope...', 'C:\\xampp\\htdocs...', 36, Array)
#1 C:\xampp\htdocs\ci4\system\CodeIgniter.php(832): App\Controllers\Hitung->matrix()
#2 C:\xampp\htdocs\ci4\system\CodeIgniter.php(419): CodeIgniter\CodeIgniter->runController(Object(App\Controllers\Hitung))
#3 C:\xampp\htdocs\ci4\system\CodeIgniter.php(326): CodeIgniter\CodeIgniter->handleRequest(NULL, Object(Config\Cache), false)
#4 C:\xampp\htdocs\ci4\public\index.php(37): CodeIgniter\CodeIgniter->run()
#5 C:\xampp\htdocs\ci4\system\Commands\Server\rewrite.php(43): require_once('C:\\xampp\\htdocs...')
#6 {main}
CRITICAL - 2022-06-09 00:36:54 --> Undefined property: App\Controllers\Hitung::$input
#0 C:\xampp\htdocs\ci4\app\Controllers\Hitung.php(36): CodeIgniter\Debug\Exceptions->errorHandler(8, 'Undefined prope...', 'C:\\xampp\\htdocs...', 36, Array)
#1 C:\xampp\htdocs\ci4\system\CodeIgniter.php(832): App\Controllers\Hitung->matrix()
#2 C:\xampp\htdocs\ci4\system\CodeIgniter.php(419): CodeIgniter\CodeIgniter->runController(Object(App\Controllers\Hitung))
#3 C:\xampp\htdocs\ci4\system\CodeIgniter.php(326): CodeIgniter\CodeIgniter->handleRequest(NULL, Object(Config\Cache), false)
#4 C:\xampp\htdocs\ci4\public\index.php(37): CodeIgniter\CodeIgniter->run()
#5 C:\xampp\htdocs\ci4\system\Commands\Server\rewrite.php(43): require_once('C:\\xampp\\htdocs...')
#6 {main}
CRITICAL - 2022-06-09 00:38:24 --> Undefined property: App\Controllers\Hitung::$input
#0 C:\xampp\htdocs\ci4\app\Controllers\Hitung.php(36): CodeIgniter\Debug\Exceptions->errorHandler(8, 'Undefined prope...', 'C:\\xampp\\htdocs...', 36, Array)
#1 C:\xampp\htdocs\ci4\system\CodeIgniter.php(832): App\Controllers\Hitung->matrix()
#2 C:\xampp\htdocs\ci4\system\CodeIgniter.php(419): CodeIgniter\CodeIgniter->runController(Object(App\Controllers\Hitung))
#3 C:\xampp\htdocs\ci4\system\CodeIgniter.php(326): CodeIgniter\CodeIgniter->handleRequest(NULL, Object(Config\Cache), false)
#4 C:\xampp\htdocs\ci4\public\index.php(37): CodeIgniter\CodeIgniter->run()
#5 C:\xampp\htdocs\ci4\system\Commands\Server\rewrite.php(43): require_once('C:\\xampp\\htdocs...')
#6 {main}
CRITICAL - 2022-06-09 00:39:53 --> Call to undefined function App\Controllers\int()
#0 C:\xampp\htdocs\ci4\system\CodeIgniter.php(832): App\Controllers\Hitung->matrix()
#1 C:\xampp\htdocs\ci4\system\CodeIgniter.php(419): CodeIgniter\CodeIgniter->runController(Object(App\Controllers\Hitung))
#2 C:\xampp\htdocs\ci4\system\CodeIgniter.php(326): CodeIgniter\CodeIgniter->handleRequest(NULL, Object(Config\Cache), false)
#3 C:\xampp\htdocs\ci4\public\index.php(37): CodeIgniter\CodeIgniter->run()
#4 C:\xampp\htdocs\ci4\system\Commands\Server\rewrite.php(43): require_once('C:\\xampp\\htdocs...')
#5 {main}
CRITICAL - 2022-06-09 00:57:59 --> Undefined variable: kriteriaModel
#0 C:\xampp\htdocs\ci4\app\Controllers\Hitung.php(38): CodeIgniter\Debug\Exceptions->errorHandler(8, 'Undefined varia...', 'C:\\xampp\\htdocs...', 38, Array)
#1 C:\xampp\htdocs\ci4\system\CodeIgniter.php(832): App\Controllers\Hitung->matrix()
#2 C:\xampp\htdocs\ci4\system\CodeIgniter.php(419): CodeIgniter\CodeIgniter->runController(Object(App\Controllers\Hitung))
#3 C:\xampp\htdocs\ci4\system\CodeIgniter.php(326): CodeIgniter\CodeIgniter->handleRequest(NULL, Object(Config\Cache), false)
#4 C:\xampp\htdocs\ci4\public\index.php(37): CodeIgniter\CodeIgniter->run()
#5 C:\xampp\htdocs\ci4\system\Commands\Server\rewrite.php(43): require_once('C:\\xampp\\htdocs...')
#6 {main}
CRITICAL - 2022-06-09 01:00:45 --> Undefined variable: kriteriaModel
#0 C:\xampp\htdocs\ci4\app\Controllers\Hitung.php(42): CodeIgniter\Debug\Exceptions->errorHandler(8, 'Undefined varia...', 'C:\\xampp\\htdocs...', 42, Array)
#1 C:\xampp\htdocs\ci4\system\CodeIgniter.php(832): App\Controllers\Hitung->matrix()
#2 C:\xampp\htdocs\ci4\system\CodeIgniter.php(419): CodeIgniter\CodeIgniter->runController(Object(App\Controllers\Hitung))
#3 C:\xampp\htdocs\ci4\system\CodeIgniter.php(326): CodeIgniter\CodeIgniter->handleRequest(NULL, Object(Config\Cache), false)
#4 C:\xampp\htdocs\ci4\public\index.php(37): CodeIgniter\CodeIgniter->run()
#5 C:\xampp\htdocs\ci4\system\Commands\Server\rewrite.php(43): require_once('C:\\xampp\\htdocs...')
#6 {main}
CRITICAL - 2022-06-09 01:01:13 --> Undefined variable: kriteriaModel
#0 C:\xampp\htdocs\ci4\app\Controllers\Hitung.php(22): CodeIgniter\Debug\Exceptions->errorHandler(8, 'Undefined varia...', 'C:\\xampp\\htdocs...', 22, Array)
#1 C:\xampp\htdocs\ci4\system\CodeIgniter.php(832): App\Controllers\Hitung->index()
#2 C:\xampp\htdocs\ci4\system\CodeIgniter.php(419): CodeIgniter\CodeIgniter->runController(Object(App\Controllers\Hitung))
#3 C:\xampp\htdocs\ci4\system\CodeIgniter.php(326): CodeIgniter\CodeIgniter->handleRequest(NULL, Object(Config\Cache), false)
#4 C:\xampp\htdocs\ci4\public\index.php(37): CodeIgniter\CodeIgniter->run()
#5 C:\xampp\htdocs\ci4\system\Commands\Server\rewrite.php(43): require_once('C:\\xampp\\htdocs...')
#6 {main}
CRITICAL - 2022-06-09 01:37:02 --> Undefined variable: k_
#0 C:\xampp\htdocs\ci4\app\Controllers\Hitung.php(52): CodeIgniter\Debug\Exceptions->errorHandler(8, 'Undefined varia...', 'C:\\xampp\\htdocs...', 52, Array)
#1 C:\xampp\htdocs\ci4\system\CodeIgniter.php(832): App\Controllers\Hitung->test()
#2 C:\xampp\htdocs\ci4\system\CodeIgniter.php(419): CodeIgniter\CodeIgniter->runController(Object(App\Controllers\Hitung))
#3 C:\xampp\htdocs\ci4\system\CodeIgniter.php(326): CodeIgniter\CodeIgniter->handleRequest(NULL, Object(Config\Cache), false)
#4 C:\xampp\htdocs\ci4\public\index.php(37): CodeIgniter\CodeIgniter->run()
#5 C:\xampp\htdocs\ci4\system\Commands\Server\rewrite.php(43): require_once('C:\\xampp\\htdocs...')
#6 {main}
CRITICAL - 2022-06-09 01:52:11 --> Array to string conversion
#0 C:\xampp\htdocs\ci4\app\Controllers\Hitung.php(52): CodeIgniter\Debug\Exceptions->errorHandler(8, 'Array to string...', 'C:\\xampp\\htdocs...', 52, Array)
#1 C:\xampp\htdocs\ci4\system\CodeIgniter.php(832): App\Controllers\Hitung->matrix()
#2 C:\xampp\htdocs\ci4\system\CodeIgniter.php(419): CodeIgniter\CodeIgniter->runController(Object(App\Controllers\Hitung))
#3 C:\xampp\htdocs\ci4\system\CodeIgniter.php(326): CodeIgniter\CodeIgniter->handleRequest(NULL, Object(Config\Cache), false)
#4 C:\xampp\htdocs\ci4\public\index.php(37): CodeIgniter\CodeIgniter->run()
#5 C:\xampp\htdocs\ci4\system\Commands\Server\rewrite.php(43): require_once('C:\\xampp\\htdocs...')
#6 {main}
CRITICAL - 2022-06-09 02:01:44 --> Function name must be a string
#0 C:\xampp\htdocs\ci4\system\CodeIgniter.php(832): App\Controllers\Hitung->matrix()
#1 C:\xampp\htdocs\ci4\system\CodeIgniter.php(419): CodeIgniter\CodeIgniter->runController(Object(App\Controllers\Hitung))
#2 C:\xampp\htdocs\ci4\system\CodeIgniter.php(326): CodeIgniter\CodeIgniter->handleRequest(NULL, Object(Config\Cache), false)
#3 C:\xampp\htdocs\ci4\public\index.php(37): CodeIgniter\CodeIgniter->run()
#4 C:\xampp\htdocs\ci4\system\Commands\Server\rewrite.php(43): require_once('C:\\xampp\\htdocs...')
#5 {main}
CRITICAL - 2022-06-09 02:02:16 --> Function name must be a string
#0 C:\xampp\htdocs\ci4\system\CodeIgniter.php(832): App\Controllers\Hitung->matrix()
#1 C:\xampp\htdocs\ci4\system\CodeIgniter.php(419): CodeIgniter\CodeIgniter->runController(Object(App\Controllers\Hitung))
#2 C:\xampp\htdocs\ci4\system\CodeIgniter.php(326): CodeIgniter\CodeIgniter->handleRequest(NULL, Object(Config\Cache), false)
#3 C:\xampp\htdocs\ci4\public\index.php(37): CodeIgniter\CodeIgniter->run()
#4 C:\xampp\htdocs\ci4\system\Commands\Server\rewrite.php(43): require_once('C:\\xampp\\htdocs...')
#5 {main}
CRITICAL - 2022-06-09 03:41:13 --> Undefined offset: 4
#0 C:\xampp\htdocs\ci4\app\Controllers\Hitung.php(84): CodeIgniter\Debug\Exceptions->errorHandler(8, 'Undefined offse...', 'C:\\xampp\\htdocs...', 84, Array)
#1 C:\xampp\htdocs\ci4\system\CodeIgniter.php(832): App\Controllers\Hitung->matrix()
#2 C:\xampp\htdocs\ci4\system\CodeIgniter.php(419): CodeIgniter\CodeIgniter->runController(Object(App\Controllers\Hitung))
#3 C:\xampp\htdocs\ci4\system\CodeIgniter.php(326): CodeIgniter\CodeIgniter->handleRequest(NULL, Object(Config\Cache), false)
#4 C:\xampp\htdocs\ci4\public\index.php(37): CodeIgniter\CodeIgniter->run()
#5 C:\xampp\htdocs\ci4\system\Commands\Server\rewrite.php(43): require_once('C:\\xampp\\htdocs...')
#6 {main}
CRITICAL - 2022-06-09 04:19:44 --> Undefined index: 0_0
#0 C:\xampp\htdocs\ci4\app\Controllers\Hitung.php(50): CodeIgniter\Debug\Exceptions->errorHandler(8, 'Undefined index...', 'C:\\xampp\\htdocs...', 50, Array)
#1 C:\xampp\htdocs\ci4\system\CodeIgniter.php(832): App\Controllers\Hitung->matrix()
#2 C:\xampp\htdocs\ci4\system\CodeIgniter.php(419): CodeIgniter\CodeIgniter->runController(Object(App\Controllers\Hitung))
#3 C:\xampp\htdocs\ci4\system\CodeIgniter.php(326): CodeIgniter\CodeIgniter->handleRequest(NULL, Object(Config\Cache), false)
#4 C:\xampp\htdocs\ci4\public\index.php(37): CodeIgniter\CodeIgniter->run()
#5 C:\xampp\htdocs\ci4\system\Commands\Server\rewrite.php(43): require_once('C:\\xampp\\htdocs...')
#6 {main}
CRITICAL - 2022-06-09 04:20:34 --> Undefined index: 0_0
#0 C:\xampp\htdocs\ci4\app\Controllers\Hitung.php(50): CodeIgniter\Debug\Exceptions->errorHandler(8, 'Undefined index...', 'C:\\xampp\\htdocs...', 50, Array)
#1 C:\xampp\htdocs\ci4\system\CodeIgniter.php(832): App\Controllers\Hitung->matrix()
#2 C:\xampp\htdocs\ci4\system\CodeIgniter.php(419): CodeIgniter\CodeIgniter->runController(Object(App\Controllers\Hitung))
#3 C:\xampp\htdocs\ci4\system\CodeIgniter.php(326): CodeIgniter\CodeIgniter->handleRequest(NULL, Object(Config\Cache), false)
#4 C:\xampp\htdocs\ci4\public\index.php(37): CodeIgniter\CodeIgniter->run()
#5 C:\xampp\htdocs\ci4\system\Commands\Server\rewrite.php(43): require_once('C:\\xampp\\htdocs...')
#6 {main}
CRITICAL - 2022-06-09 04:35:55 --> array_column() expects at least 2 parameters, 1 given
#0 [internal function]: CodeIgniter\Debug\Exceptions->errorHandler(2, 'array_column() ...', 'C:\\xampp\\htdocs...', 110, Array)
#1 C:\xampp\htdocs\ci4\app\Controllers\Hitung.php(110): array_column(Array)
#2 C:\xampp\htdocs\ci4\system\CodeIgniter.php(832): App\Controllers\Hitung->matrix()
#3 C:\xampp\htdocs\ci4\system\CodeIgniter.php(419): CodeIgniter\CodeIgniter->runController(Object(App\Controllers\Hitung))
#4 C:\xampp\htdocs\ci4\system\CodeIgniter.php(326): CodeIgniter\CodeIgniter->handleRequest(NULL, Object(Config\Cache), false)
#5 C:\xampp\htdocs\ci4\public\index.php(37): CodeIgniter\CodeIgniter->run()
#6 C:\xampp\htdocs\ci4\system\Commands\Server\rewrite.php(43): require_once('C:\\xampp\\htdocs...')
#7 {main}
CRITICAL - 2022-06-09 04:36:53 --> array_column() expects at least 2 parameters, 1 given
#0 [internal function]: CodeIgniter\Debug\Exceptions->errorHandler(2, 'array_column() ...', 'C:\\xampp\\htdocs...', 110, Array)
#1 C:\xampp\htdocs\ci4\app\Controllers\Hitung.php(110): array_column(Array)
#2 C:\xampp\htdocs\ci4\system\CodeIgniter.php(832): App\Controllers\Hitung->matrix()
#3 C:\xampp\htdocs\ci4\system\CodeIgniter.php(419): CodeIgniter\CodeIgniter->runController(Object(App\Controllers\Hitung))
#4 C:\xampp\htdocs\ci4\system\CodeIgniter.php(326): CodeIgniter\CodeIgniter->handleRequest(NULL, Object(Config\Cache), false)
#5 C:\xampp\htdocs\ci4\public\index.php(37): CodeIgniter\CodeIgniter->run()
#6 C:\xampp\htdocs\ci4\system\Commands\Server\rewrite.php(43): require_once('C:\\xampp\\htdocs...')
#7 {main}
CRITICAL - 2022-06-09 04:41:35 --> syntax error, unexpected '}'
#0 C:\xampp\htdocs\ci4\system\Router\Router.php(175): CodeIgniter\Router\Router->autoRoute('hitung/matrix')
#1 C:\xampp\htdocs\ci4\system\CodeIgniter.php(726): CodeIgniter\Router\Router->handle('hitung/matrix')
#2 C:\xampp\htdocs\ci4\system\CodeIgniter.php(368): CodeIgniter\CodeIgniter->tryToRouteIt(Object(CodeIgniter\Router\RouteCollection))
#3 C:\xampp\htdocs\ci4\system\CodeIgniter.php(326): CodeIgniter\CodeIgniter->handleRequest(NULL, Object(Config\Cache), false)
#4 C:\xampp\htdocs\ci4\public\index.php(37): CodeIgniter\CodeIgniter->run()
#5 C:\xampp\htdocs\ci4\system\Commands\Server\rewrite.php(43): require_once('C:\\xampp\\htdocs...')
#6 {main}
