CRITICAL - 2022-06-01 04:33:25 --> Undefined variable: kriteria
#0 C:\xampp\htdocs\ci4\app\Views\hitung\index.php(18): CodeIgniter\Debug\Exceptions->errorHandler(8, 'Undefined varia...', 'C:\\xampp\\htdocs...', 18, Array)
#1 C:\xampp\htdocs\ci4\system\View\View.php(210): include('C:\\xampp\\htdocs...')
#2 C:\xampp\htdocs\ci4\system\View\View.php(213): CodeIgniter\View\View->CodeIgniter\View\{closure}()
#3 C:\xampp\htdocs\ci4\system\Common.php(1089): CodeIgniter\View\View->render('/hitung/index', Array, true)
#4 C:\xampp\htdocs\ci4\app\Controllers\Hitung.php(14): view('/hitung/index', Array)
#5 C:\xampp\htdocs\ci4\system\CodeIgniter.php(832): App\Controllers\Hitung->index()
#6 C:\xampp\htdocs\ci4\system\CodeIgniter.php(419): CodeIgniter\CodeIgniter->runController(Object(App\Controllers\Hitung))
#7 C:\xampp\htdocs\ci4\system\CodeIgniter.php(326): CodeIgniter\CodeIgniter->handleRequest(NULL, Object(Config\Cache), false)
#8 C:\xampp\htdocs\ci4\public\index.php(37): CodeIgniter\CodeIgniter->run()
#9 C:\xampp\htdocs\ci4\system\Commands\Server\rewrite.php(43): require_once('C:\\xampp\\htdocs...')
#10 {main}
CRITICAL - 2022-06-01 04:45:33 --> Invalid file: layout/footer.php
#0 C:\xampp\htdocs\ci4\system\View\View.php(198): CodeIgniter\Exceptions\FrameworkException::forInvalidFile('layout/footer.p...')
#1 C:\xampp\htdocs\ci4\system\View\View.php(424): CodeIgniter\View\View->render('layout/footer', NULL, true)
#2 C:\xampp\htdocs\ci4\app\Views\layout\index.php(29): CodeIgniter\View\View->include('layout/footer')
#3 C:\xampp\htdocs\ci4\system\View\View.php(210): include('C:\\xampp\\htdocs...')
#4 C:\xampp\htdocs\ci4\system\View\View.php(213): CodeIgniter\View\View->CodeIgniter\View\{closure}()
#5 C:\xampp\htdocs\ci4\system\View\View.php(226): CodeIgniter\View\View->render('layout/index', Array, true)
#6 C:\xampp\htdocs\ci4\system\Common.php(1089): CodeIgniter\View\View->render('dashboard', Array, true)
#7 C:\xampp\htdocs\ci4\app\Controllers\Dashboard.php(14): view('dashboard', Array)
#8 C:\xampp\htdocs\ci4\system\CodeIgniter.php(832): App\Controllers\Dashboard->index()
#9 C:\xampp\htdocs\ci4\system\CodeIgniter.php(419): CodeIgniter\CodeIgniter->runController(Object(App\Controllers\Dashboard))
#10 C:\xampp\htdocs\ci4\system\CodeIgniter.php(326): CodeIgniter\CodeIgniter->handleRequest(NULL, Object(Config\Cache), false)
#11 C:\xampp\htdocs\ci4\public\index.php(37): CodeIgniter\CodeIgniter->run()
#12 C:\xampp\htdocs\ci4\system\Commands\Server\rewrite.php(43): require_once('C:\\xampp\\htdocs...')
#13 {main}
CRITICAL - 2022-06-01 04:45:41 --> Invalid file: layout/footer.php
#0 C:\xampp\htdocs\ci4\system\View\View.php(198): CodeIgniter\Exceptions\FrameworkException::forInvalidFile('layout/footer.p...')
#1 C:\xampp\htdocs\ci4\system\View\View.php(424): CodeIgniter\View\View->render('layout/footer', NULL, true)
#2 C:\xampp\htdocs\ci4\app\Views\layout\index.php(29): CodeIgniter\View\View->include('layout/footer')
#3 C:\xampp\htdocs\ci4\system\View\View.php(210): include('C:\\xampp\\htdocs...')
#4 C:\xampp\htdocs\ci4\system\View\View.php(213): CodeIgniter\View\View->CodeIgniter\View\{closure}()
#5 C:\xampp\htdocs\ci4\system\View\View.php(226): CodeIgniter\View\View->render('layout/index', Array, true)
#6 C:\xampp\htdocs\ci4\system\Common.php(1089): CodeIgniter\View\View->render('kriteria/index', Array, true)
#7 C:\xampp\htdocs\ci4\app\Controllers\Kriteria.php(19): view('kriteria/index', Array)
#8 C:\xampp\htdocs\ci4\system\CodeIgniter.php(832): App\Controllers\Kriteria->index()
#9 C:\xampp\htdocs\ci4\system\CodeIgniter.php(419): CodeIgniter\CodeIgniter->runController(Object(App\Controllers\Kriteria))
#10 C:\xampp\htdocs\ci4\system\CodeIgniter.php(326): CodeIgniter\CodeIgniter->handleRequest(NULL, Object(Config\Cache), false)
#11 C:\xampp\htdocs\ci4\public\index.php(37): CodeIgniter\CodeIgniter->run()
#12 C:\xampp\htdocs\ci4\system\Commands\Server\rewrite.php(43): require_once('C:\\xampp\\htdocs...')
#13 {main}
CRITICAL - 2022-06-01 04:46:01 --> Invalid file: layout/footer.php
#0 C:\xampp\htdocs\ci4\system\View\View.php(198): CodeIgniter\Exceptions\FrameworkException::forInvalidFile('layout/footer.p...')
#1 C:\xampp\htdocs\ci4\system\View\View.php(424): CodeIgniter\View\View->render('layout/footer', NULL, true)
#2 C:\xampp\htdocs\ci4\app\Views\layout\index.php(29): CodeIgniter\View\View->include('layout/footer')
#3 C:\xampp\htdocs\ci4\system\View\View.php(210): include('C:\\xampp\\htdocs...')
#4 C:\xampp\htdocs\ci4\system\View\View.php(213): CodeIgniter\View\View->CodeIgniter\View\{closure}()
#5 C:\xampp\htdocs\ci4\system\View\View.php(226): CodeIgniter\View\View->render('layout/index', Array, true)
#6 C:\xampp\htdocs\ci4\system\Common.php(1089): CodeIgniter\View\View->render('/hitung/index', Array, true)
#7 C:\xampp\htdocs\ci4\app\Controllers\Hitung.php(14): view('/hitung/index', Array)
#8 C:\xampp\htdocs\ci4\system\CodeIgniter.php(832): App\Controllers\Hitung->index()
#9 C:\xampp\htdocs\ci4\system\CodeIgniter.php(419): CodeIgniter\CodeIgniter->runController(Object(App\Controllers\Hitung))
#10 C:\xampp\htdocs\ci4\system\CodeIgniter.php(326): CodeIgniter\CodeIgniter->handleRequest(NULL, Object(Config\Cache), false)
#11 C:\xampp\htdocs\ci4\public\index.php(37): CodeIgniter\CodeIgniter->run()
#12 C:\xampp\htdocs\ci4\system\Commands\Server\rewrite.php(43): require_once('C:\\xampp\\htdocs...')
#13 {main}
CRITICAL - 2022-06-01 04:46:19 --> Invalid file: layout/footer.php
#0 C:\xampp\htdocs\ci4\system\View\View.php(198): CodeIgniter\Exceptions\FrameworkException::forInvalidFile('layout/footer.p...')
#1 C:\xampp\htdocs\ci4\system\View\View.php(424): CodeIgniter\View\View->render('layout/footer', NULL, true)
#2 C:\xampp\htdocs\ci4\app\Views\layout\index.php(29): CodeIgniter\View\View->include('layout/footer')
#3 C:\xampp\htdocs\ci4\system\View\View.php(210): include('C:\\xampp\\htdocs...')
#4 C:\xampp\htdocs\ci4\system\View\View.php(213): CodeIgniter\View\View->CodeIgniter\View\{closure}()
#5 C:\xampp\htdocs\ci4\system\View\View.php(226): CodeIgniter\View\View->render('layout/index', Array, true)
#6 C:\xampp\htdocs\ci4\system\Common.php(1089): CodeIgniter\View\View->render('kriteria/index', Array, true)
#7 C:\xampp\htdocs\ci4\app\Controllers\Kriteria.php(19): view('kriteria/index', Array)
#8 C:\xampp\htdocs\ci4\system\CodeIgniter.php(832): App\Controllers\Kriteria->index()
#9 C:\xampp\htdocs\ci4\system\CodeIgniter.php(419): CodeIgniter\CodeIgniter->runController(Object(App\Controllers\Kriteria))
#10 C:\xampp\htdocs\ci4\system\CodeIgniter.php(326): CodeIgniter\CodeIgniter->handleRequest(NULL, Object(Config\Cache), false)
#11 C:\xampp\htdocs\ci4\public\index.php(37): CodeIgniter\CodeIgniter->run()
#12 C:\xampp\htdocs\ci4\system\Commands\Server\rewrite.php(43): require_once('C:\\xampp\\htdocs...')
#13 {main}
CRITICAL - 2022-06-01 04:46:45 --> Invalid file: layout/footer.php
#0 C:\xampp\htdocs\ci4\system\View\View.php(198): CodeIgniter\Exceptions\FrameworkException::forInvalidFile('layout/footer.p...')
#1 C:\xampp\htdocs\ci4\system\View\View.php(424): CodeIgniter\View\View->render('layout/footer', NULL, true)
#2 C:\xampp\htdocs\ci4\app\Views\layout\index.php(29): CodeIgniter\View\View->include('layout/footer')
#3 C:\xampp\htdocs\ci4\system\View\View.php(210): include('C:\\xampp\\htdocs...')
#4 C:\xampp\htdocs\ci4\system\View\View.php(213): CodeIgniter\View\View->CodeIgniter\View\{closure}()
#5 C:\xampp\htdocs\ci4\system\View\View.php(226): CodeIgniter\View\View->render('layout/index', Array, true)
#6 C:\xampp\htdocs\ci4\system\Common.php(1089): CodeIgniter\View\View->render('kriteria/index', Array, true)
#7 C:\xampp\htdocs\ci4\app\Controllers\Kriteria.php(19): view('kriteria/index', Array)
#8 C:\xampp\htdocs\ci4\system\CodeIgniter.php(832): App\Controllers\Kriteria->index()
#9 C:\xampp\htdocs\ci4\system\CodeIgniter.php(419): CodeIgniter\CodeIgniter->runController(Object(App\Controllers\Kriteria))
#10 C:\xampp\htdocs\ci4\system\CodeIgniter.php(326): CodeIgniter\CodeIgniter->handleRequest(NULL, Object(Config\Cache), false)
#11 C:\xampp\htdocs\ci4\public\index.php(37): CodeIgniter\CodeIgniter->run()
#12 C:\xampp\htdocs\ci4\system\Commands\Server\rewrite.php(43): require_once('C:\\xampp\\htdocs...')
#13 {main}
CRITICAL - 2022-06-01 04:46:47 --> Invalid file: layout/footer.php
#0 C:\xampp\htdocs\ci4\system\View\View.php(198): CodeIgniter\Exceptions\FrameworkException::forInvalidFile('layout/footer.p...')
#1 C:\xampp\htdocs\ci4\system\View\View.php(424): CodeIgniter\View\View->render('layout/footer', NULL, true)
#2 C:\xampp\htdocs\ci4\app\Views\layout\index.php(29): CodeIgniter\View\View->include('layout/footer')
#3 C:\xampp\htdocs\ci4\system\View\View.php(210): include('C:\\xampp\\htdocs...')
#4 C:\xampp\htdocs\ci4\system\View\View.php(213): CodeIgniter\View\View->CodeIgniter\View\{closure}()
#5 C:\xampp\htdocs\ci4\system\View\View.php(226): CodeIgniter\View\View->render('layout/index', Array, true)
#6 C:\xampp\htdocs\ci4\system\Common.php(1089): CodeIgniter\View\View->render('kriteria/index', Array, true)
#7 C:\xampp\htdocs\ci4\app\Controllers\Kriteria.php(19): view('kriteria/index', Array)
#8 C:\xampp\htdocs\ci4\system\CodeIgniter.php(832): App\Controllers\Kriteria->index()
#9 C:\xampp\htdocs\ci4\system\CodeIgniter.php(419): CodeIgniter\CodeIgniter->runController(Object(App\Controllers\Kriteria))
#10 C:\xampp\htdocs\ci4\system\CodeIgniter.php(326): CodeIgniter\CodeIgniter->handleRequest(NULL, Object(Config\Cache), false)
#11 C:\xampp\htdocs\ci4\public\index.php(37): CodeIgniter\CodeIgniter->run()
#12 C:\xampp\htdocs\ci4\system\Commands\Server\rewrite.php(43): require_once('C:\\xampp\\htdocs...')
#13 {main}
CRITICAL - 2022-06-01 04:57:30 --> Undefined variable: head
#0 C:\xampp\htdocs\ci4\app\Views\layout\sidebar.php(18): CodeIgniter\Debug\Exceptions->errorHandler(8, 'Undefined varia...', 'C:\\xampp\\htdocs...', 18, Array)
#1 C:\xampp\htdocs\ci4\system\View\View.php(210): include('C:\\xampp\\htdocs...')
#2 C:\xampp\htdocs\ci4\system\View\View.php(213): CodeIgniter\View\View->CodeIgniter\View\{closure}()
#3 C:\xampp\htdocs\ci4\system\View\View.php(424): CodeIgniter\View\View->render('layout/sidebar', NULL, true)
#4 C:\xampp\htdocs\ci4\app\Views\layout\index.php(8): CodeIgniter\View\View->include('layout/sidebar')
#5 C:\xampp\htdocs\ci4\system\View\View.php(210): include('C:\\xampp\\htdocs...')
#6 C:\xampp\htdocs\ci4\system\View\View.php(213): CodeIgniter\View\View->CodeIgniter\View\{closure}()
#7 C:\xampp\htdocs\ci4\system\View\View.php(226): CodeIgniter\View\View->render('layout/index', Array, true)
#8 C:\xampp\htdocs\ci4\system\Common.php(1089): CodeIgniter\View\View->render('/hitung/index', Array, true)
#9 C:\xampp\htdocs\ci4\app\Controllers\Hitung.php(13): view('/hitung/index', Array)
#10 C:\xampp\htdocs\ci4\system\CodeIgniter.php(832): App\Controllers\Hitung->index()
#11 C:\xampp\htdocs\ci4\system\CodeIgniter.php(419): CodeIgniter\CodeIgniter->runController(Object(App\Controllers\Hitung))
#12 C:\xampp\htdocs\ci4\system\CodeIgniter.php(326): CodeIgniter\CodeIgniter->handleRequest(NULL, Object(Config\Cache), false)
#13 C:\xampp\htdocs\ci4\public\index.php(37): CodeIgniter\CodeIgniter->run()
#14 C:\xampp\htdocs\ci4\system\Commands\Server\rewrite.php(43): require_once('C:\\xampp\\htdocs...')
#15 {main}
CRITICAL - 2022-06-01 06:19:15 --> Class 'App\Controllers\KriteriaModel' not found
#0 C:\xampp\htdocs\ci4\system\CodeIgniter.php(832): App\Controllers\Hitung->index()
#1 C:\xampp\htdocs\ci4\system\CodeIgniter.php(419): CodeIgniter\CodeIgniter->runController(Object(App\Controllers\Hitung))
#2 C:\xampp\htdocs\ci4\system\CodeIgniter.php(326): CodeIgniter\CodeIgniter->handleRequest(NULL, Object(Config\Cache), false)
#3 C:\xampp\htdocs\ci4\public\index.php(37): CodeIgniter\CodeIgniter->run()
#4 C:\xampp\htdocs\ci4\system\Commands\Server\rewrite.php(43): require_once('C:\\xampp\\htdocs...')
#5 {main}
CRITICAL - 2022-06-01 07:42:17 --> Undefined variable: subkriteriaModel
#0 C:\xampp\htdocs\ci4\app\Controllers\Hitung.php(17): CodeIgniter\Debug\Exceptions->errorHandler(8, 'Undefined varia...', 'C:\\xampp\\htdocs...', 17, Array)
#1 C:\xampp\htdocs\ci4\system\CodeIgniter.php(832): App\Controllers\Hitung->index()
#2 C:\xampp\htdocs\ci4\system\CodeIgniter.php(419): CodeIgniter\CodeIgniter->runController(Object(App\Controllers\Hitung))
#3 C:\xampp\htdocs\ci4\system\CodeIgniter.php(326): CodeIgniter\CodeIgniter->handleRequest(NULL, Object(Config\Cache), false)
#4 C:\xampp\htdocs\ci4\public\index.php(37): CodeIgniter\CodeIgniter->run()
#5 C:\xampp\htdocs\ci4\system\Commands\Server\rewrite.php(43): require_once('C:\\xampp\\htdocs...')
#6 {main}
